<?xml version="1.0" encoding="UTF-8" ?>
<testsuite tests="20" failures="0" name="com.clearqa.test.RunImdbTest" time="0.006" errors="0" skipped="0">
  <properties>
    <property name="java.runtime.name" value="Java(TM) SE Runtime Environment"/>
    <property name="sun.boot.library.path" value="/Library/Java/JavaVirtualMachines/jdk1.8.0_45.jdk/Contents/Home/jre/lib"/>
    <property name="java.vm.version" value="25.45-b02"/>
    <property name="gopherProxySet" value="false"/>
    <property name="java.vm.vendor" value="Oracle Corporation"/>
    <property name="maven.multiModuleProjectDirectory" value="/Users/oscar_sgc/Desktop/_20151116/3SampleCodeJavaVM/3imdb_rest"/>
    <property name="java.vendor.url" value="http://java.oracle.com/"/>
    <property name="path.separator" value=":"/>
    <property name="guice.disable.misplaced.annotation.check" value="true"/>
    <property name="java.vm.name" value="Java HotSpot(TM) 64-Bit Server VM"/>
    <property name="file.encoding.pkg" value="sun.io"/>
    <property name="user.country" value="US"/>
    <property name="sun.java.launcher" value="SUN_STANDARD"/>
    <property name="sun.os.patch.level" value="unknown"/>
    <property name="java.vm.specification.name" value="Java Virtual Machine Specification"/>
    <property name="user.dir" value="/Users/oscar_sgc/Desktop/_20151116/3SampleCodeJavaVM/3imdb_rest"/>
    <property name="java.runtime.version" value="1.8.0_45-b14"/>
    <property name="java.awt.graphicsenv" value="sun.awt.CGraphicsEnvironment"/>
    <property name="java.endorsed.dirs" value="/Library/Java/JavaVirtualMachines/jdk1.8.0_45.jdk/Contents/Home/jre/lib/endorsed"/>
    <property name="os.arch" value="x86_64"/>
    <property name="java.io.tmpdir" value="/var/folders/bx/dln0d38d25n1y8y4_x0fh6q80000gn/T/"/>
    <property name="line.separator" value="
"/>
    <property name="java.vm.specification.vendor" value="Oracle Corporation"/>
    <property name="os.name" value="Mac OS X"/>
    <property name="classworlds.conf" value="/Users/oscar_sgc/apache-maven-3.3.3/bin/m2.conf"/>
    <property name="sun.jnu.encoding" value="UTF-8"/>
    <property name="java.library.path" value="/Users/oscar_sgc/Library/Java/Extensions:/Library/Java/Extensions:/Network/Library/Java/Extensions:/System/Library/Java/Extensions:/usr/lib/java:."/>
    <property name="java.specification.name" value="Java Platform API Specification"/>
    <property name="java.class.version" value="52.0"/>
    <property name="sun.management.compiler" value="HotSpot 64-Bit Tiered Compilers"/>
    <property name="os.version" value="10.11.1"/>
    <property name="http.nonProxyHosts" value="local|*.local|169.254/16|*.169.254/16"/>
    <property name="user.home" value="/Users/oscar_sgc"/>
    <property name="user.timezone" value="America/La_Paz"/>
    <property name="java.awt.printerjob" value="sun.lwawt.macosx.CPrinterJob"/>
    <property name="java.specification.version" value="1.8"/>
    <property name="file.encoding" value="UTF-8"/>
    <property name="user.name" value="oscar_sgc"/>
    <property name="java.class.path" value="/Users/oscar_sgc/apache-maven-3.3.3/boot/plexus-classworlds-2.5.2.jar"/>
    <property name="java.vm.specification.version" value="1.8"/>
    <property name="sun.arch.data.model" value="64"/>
    <property name="java.home" value="/Library/Java/JavaVirtualMachines/jdk1.8.0_45.jdk/Contents/Home/jre"/>
    <property name="sun.java.command" value="org.codehaus.plexus.classworlds.launcher.Launcher test"/>
    <property name="java.specification.vendor" value="Oracle Corporation"/>
    <property name="user.language" value="en"/>
    <property name="awt.toolkit" value="sun.lwawt.macosx.LWCToolkit"/>
    <property name="java.vm.info" value="mixed mode"/>
    <property name="java.version" value="1.8.0_45"/>
    <property name="java.ext.dirs" value="/Users/oscar_sgc/Library/Java/Extensions:/Library/Java/JavaVirtualMachines/jdk1.8.0_45.jdk/Contents/Home/jre/lib/ext:/Library/Java/Extensions:/Network/Library/Java/Extensions:/System/Library/Java/Extensions:/usr/lib/java"/>
    <property name="sun.boot.class.path" value="/Library/Java/JavaVirtualMachines/jdk1.8.0_45.jdk/Contents/Home/jre/lib/resources.jar:/Library/Java/JavaVirtualMachines/jdk1.8.0_45.jdk/Contents/Home/jre/lib/rt.jar:/Library/Java/JavaVirtualMachines/jdk1.8.0_45.jdk/Contents/Home/jre/lib/sunrsasign.jar:/Library/Java/JavaVirtualMachines/jdk1.8.0_45.jdk/Contents/Home/jre/lib/jsse.jar:/Library/Java/JavaVirtualMachines/jdk1.8.0_45.jdk/Contents/Home/jre/lib/jce.jar:/Library/Java/JavaVirtualMachines/jdk1.8.0_45.jdk/Contents/Home/jre/lib/charsets.jar:/Library/Java/JavaVirtualMachines/jdk1.8.0_45.jdk/Contents/Home/jre/lib/jfr.jar:/Library/Java/JavaVirtualMachines/jdk1.8.0_45.jdk/Contents/Home/jre/classes"/>
    <property name="java.vendor" value="Oracle Corporation"/>
    <property name="maven.home" value="/Users/oscar_sgc/apache-maven-3.3.3"/>
    <property name="file.separator" value="/"/>
    <property name="java.vendor.url.bug" value="http://bugreport.sun.com/bugreport/"/>
    <property name="sun.cpu.endian" value="little"/>
    <property name="sun.io.unicode.encoding" value="UnicodeBig"/>
    <property name="socksNonProxyHosts" value="local|*.local|169.254/16|*.169.254/16"/>
    <property name="ftp.nonProxyHosts" value="local|*.local|169.254/16|*.169.254/16"/>
    <property name="sun.cpu.isalist" value=""/>
  </properties>
  <testcase classname="Scenario: Get movie by title" name="Given I query movie by &quot;Finding Nemo&quot;" time="0"/>
  <testcase classname="Scenario: Get movie by title" name="When I make the rest call" time="0"/>
  <testcase classname="Scenario: Get movie by title" name="Then response should contain:" time="0"/>
  <testcase classname="Scenario: Get movie by title" name="Scenario: Get movie by title" time="0"/>
  <testcase classname="| Finding Nemo | {&quot;Genre&quot;:&quot;Animation, Adventure, Comedy&quot;} |" name="Given I query movie by &quot;Finding Nemo&quot;" time="0"/>
  <testcase classname="| Finding Nemo | {&quot;Genre&quot;:&quot;Animation, Adventure, Comedy&quot;} |" name="When I make the rest call" time="0"/>
  <testcase classname="| Finding Nemo | {&quot;Genre&quot;:&quot;Animation, Adventure, Comedy&quot;} |" name="Then response should contain &quot;{&quot;Genre&quot;:&quot;Animation, Adventure, Comedy&quot;}&quot;" time="0"/>
  <testcase classname="| Finding Nemo | {&quot;Genre&quot;:&quot;Animation, Adventure, Comedy&quot;} |" name="| Finding Nemo | {&quot;Genre&quot;:&quot;Animation, Adventure, Comedy&quot;} |" time="0.001"/>
  <testcase classname="| Inception | {&quot;Genre&quot;:&quot;Action, Mystery, Sci-Fi&quot;} |" name="Given I query movie by &quot;Inception&quot;" time="0"/>
  <testcase classname="| Inception | {&quot;Genre&quot;:&quot;Action, Mystery, Sci-Fi&quot;} |" name="When I make the rest call" time="0"/>
  <testcase classname="| Inception | {&quot;Genre&quot;:&quot;Action, Mystery, Sci-Fi&quot;} |" name="Then response should contain &quot;{&quot;Genre&quot;:&quot;Action, Mystery, Sci-Fi&quot;}&quot;" time="0.001"/>
  <testcase classname="| Inception | {&quot;Genre&quot;:&quot;Action, Mystery, Sci-Fi&quot;} |" name="| Inception | {&quot;Genre&quot;:&quot;Action, Mystery, Sci-Fi&quot;} |" time="0.001"/>
  <testcase classname="| WALL�E | {&quot;Genre&quot;:&quot;Animation, Adventure, Family&quot;} |" name="Given I query movie by &quot;WALL�E&quot;" time="0.001"/>
  <testcase classname="| WALL�E | {&quot;Genre&quot;:&quot;Animation, Adventure, Family&quot;} |" name="When I make the rest call" time="0"/>
  <testcase classname="| WALL�E | {&quot;Genre&quot;:&quot;Animation, Adventure, Family&quot;} |" name="Then response should contain &quot;{&quot;Genre&quot;:&quot;Animation, Adventure, Family&quot;}&quot;" time="0"/>
  <testcase classname="| WALL�E | {&quot;Genre&quot;:&quot;Animation, Adventure, Family&quot;} |" name="| WALL�E | {&quot;Genre&quot;:&quot;Animation, Adventure, Family&quot;} |" time="0"/>
  <testcase classname="| 8� | {&quot;Genre&quot;: &quot;Mystery, Sci-Fi, Thriller&quot;} |" name="Given I query movie by &quot;8�&quot;" time="0"/>
  <testcase classname="| 8� | {&quot;Genre&quot;: &quot;Mystery, Sci-Fi, Thriller&quot;} |" name="When I make the rest call" time="0"/>
  <testcase classname="| 8� | {&quot;Genre&quot;: &quot;Mystery, Sci-Fi, Thriller&quot;} |" name="Then response should contain &quot;{&quot;Genre&quot;: &quot;Mystery, Sci-Fi, Thriller&quot;}&quot;" time="0.001"/>
  <testcase classname="| 8� | {&quot;Genre&quot;: &quot;Mystery, Sci-Fi, Thriller&quot;} |" name="| 8� | {&quot;Genre&quot;: &quot;Mystery, Sci-Fi, Thriller&quot;} |" time="0.001"/>
</testsuite>